{"numTotalTestSuites":2,"numPassedTestSuites":2,"numFailedTestSuites":0,"numPendingTestSuites":0,"numTotalTests":5,"numPassedTests":5,"numFailedTests":0,"numPendingTests":0,"numTodoTests":0,"startTime":1778503201152,"success":true,"testResults":[{"assertionResults":[{"ancestorTitles":["","Todo Logic Unit Tests"],"fullName":" Todo Logic Unit Tests adds a new todo to the list","status":"passed","title":"adds a new todo to the list","duration":4,"failureMessages":[]},{"ancestorTitles":["","Todo Logic Unit Tests"],"fullName":" Todo Logic Unit Tests ignores empty or whitespace-only input","status":"passed","title":"ignores empty or whitespace-only input","duration":1,"failureMessages":[]},{"ancestorTitles":["","Todo Logic Unit Tests"],"fullName":" Todo Logic Unit Tests toggles completion status of a todo","status":"passed","title":"toggles completion status of a todo","duration":0,"failureMessages":[]},{"ancestorTitles":["","Todo Logic Unit Tests"],"fullName":" Todo Logic Unit Tests deletes a todo by id","status":"passed","title":"deletes a todo by id","duration":2,"failureMessages":[]},{"ancestorTitles":["","Todo Logic Unit Tests"],"fullName":" Todo Logic Unit Tests calculates the count of incomplete items","status":"passed","title":"calculates the count of incomplete items","duration":2,"failureMessages":[]}],"startTime":1778503202655,"endTime":1778503202664,"status":"passed","message":"","name":"/Users/farwa/Downloads/zero-touch-pipeline/workspaces/AS-1-ai-pipeline-simple-todo-app/app/logic.test.js"}]}