{"numTotalTestSuites":2,"numPassedTestSuites":2,"numFailedTestSuites":0,"numPendingTestSuites":0,"numTotalTests":5,"numPassedTests":5,"numFailedTests":0,"numPendingTests":0,"numTodoTests":0,"startTime":1778522280042,"success":true,"testResults":[{"assertionResults":[{"ancestorTitles":["","Todo Logic"],"fullName":" Todo Logic should add a new todo","status":"passed","title":"should add a new todo","duration":3,"failureMessages":[]},{"ancestorTitles":["","Todo Logic"],"fullName":" Todo Logic should not add empty todos","status":"passed","title":"should not add empty todos","duration":2,"failureMessages":[]},{"ancestorTitles":["","Todo Logic"],"fullName":" Todo Logic should toggle todo completion","status":"passed","title":"should toggle todo completion","duration":0,"failureMessages":[]},{"ancestorTitles":["","Todo Logic"],"fullName":" Todo Logic should delete a todo","status":"passed","title":"should delete a todo","duration":0,"failureMessages":[]},{"ancestorTitles":["","Todo Logic"],"fullName":" Todo Logic should count remaining items correctly","status":"passed","title":"should count remaining items correctly","duration":2,"failureMessages":[]}],"startTime":1778522281031,"endTime":1778522281038,"status":"passed","message":"","name":"/Users/farwa/Downloads/zero-touch-pipeline/workspaces/AS-6-ai-pipeline-simple-todo-app/app/logic.test.js"}]}